KLIENT 2 KUPUJE PC Product(name=NONAME, price=1950, margin=10.0, description=Processor Intel HD, without drive!, graphics 512MB)
KLIENT 2 KUPUJE TV Product(name=Samsung, price=2499.99, margin=5.0, description=Smart TV, 49 inches, ugly)
KLIENT 2 KUPUJE PC Product(name=Dell, price=4950, margin=10.0, description=Processor Intel HD, drive ssd!, graphics 3GB)
KLIENT 1 KUPUJE TOASTER Product(name=NONAME, price=350, margin=5.0, description=delicious toasts)
KLIENT 1 KUPUJE TV Product(name=MANTA, price=1499.99, margin=5.0, description=Smart TV, 19 inches, beautiful)
KLIENT 1 KUPUJE PC Product(name=Dell, price=4950, margin=10.0, description=Processor Intel HD, drive ssd!, graphics 2GB)
KLIENT 3 KUPUJE TOASTER Product(name=Samsung, price=450, margin=3.0, description=big and hot toasts)
KLIENT 3 KUPUJE PC Product(name=MSI, price=5950, margin=10.0, description=Processor 3Ghz, drive 1TB ssd, graphics 4GB)
KLIENT 3 KUPUJE TV Product(name=MANTA, price=1499.99, margin=5.0, description=Smart TV, 19 inches, beautiful)
KLIENT 2 KUPUJE TV Product(name=Philips, price=3499.99, margin=5.0, description=Smart TV, 50 inches, ugly)
KLIENT 2 KUPUJE PC Product(name=Dell, price=4950, margin=10.0, description=Processor Intel HD, drive ssd!, graphics 2GB)
KLIENT 2 KUPUJE TV Product(name=Philips, price=3099.99, margin=5.0, description=Smart TV, 48 inches, beautiful)
KLIENT 2 KUPUJE PC Product(name=Dell, price=4950, margin=10.0, description=Processor Intel HD, drive ssd!, graphics 2GB)
KLIENT 2 KUPUJE PC Product(name=MSI, price=5950, margin=10.0, description=Processor 3Ghz, drive 1TB ssd, graphics 4GB)
KLIENT 2 KUPUJE TOASTER Product(name=Philips, price=250, margin=4.0, description=awful and small toasts)
KLIENT 3 KUPUJE TOASTER Product(name=Samsung, price=450, margin=3.0, description=big and hot toasts)
KLIENT 3 KUPUJE TV Product(name=Samsung, price=3499.99, margin=5.0, description=Smart TV, 50 inches, beautiful)
KLIENT 3 KUPUJE TV Product(name=Samsung, price=2499.99, margin=5.0, description=Smart TV, 49 inches, ugly)
ZAMAWIAM TOWAR: PC Product(name=Dell, price=4950, margin=10.0, description=Processor Intel HD, drive ssd!, graphics 2GB)
ZAMAWIAM TOWAR: PC Product(name=Dell, price=4950, margin=10.0, description=Processor Intel HD, drive ssd!, graphics 2GB)
ZAMAWIAM TOWAR: PC Product(name=Dell, price=4950, margin=10.0, description=Processor Intel HD, drive ssd!, graphics 2GB)
ZAMAWIAM TOWAR: TOASTER Product(name=Samsung, price=450, margin=3.0, description=big and hot toasts)
ZAMAWIAM TOWAR: TOASTER Product(name=Samsung, price=450, margin=3.0, description=big and hot toasts)
ZAMAWIAM TOWAR: TV Product(name=Samsung, price=3499.99, margin=5.0, description=Smart TV, 50 inches, beautiful)
DOSTARCZAM PRODUKT: Product(name=Samsung, price=450, margin=3.0, description=big and hot toasts)
DOSTARCZAM PRODUKT: Product(name=Samsung, price=450, margin=3.0, description=big and hot toasts)
DOSTARCZAM PRODUKT: Product(name=Samsung, price=3499.99, margin=5.0, description=Smart TV, 50 inches, beautiful)
DOSTARCZAM PRODUKT: Product(name=Dell, price=4950, margin=10.0, description=Processor Intel HD, drive ssd!, graphics 2GB)
DOSTARCZAM PRODUKT: Product(name=Dell, price=4950, margin=10.0, description=Processor Intel HD, drive ssd!, graphics 2GB)
DOSTARCZAM PRODUKT: Product(name=Dell, price=4950, margin=10.0, description=Processor Intel HD, drive ssd!, graphics 2GB)
KLIENT 2 KUPUJE PC Product(name=MSI, price=5950, margin=10.0, description=Processor 3Ghz, drive 1TB ssd, graphics 4GB)
KLIENT 2 KUPUJE TOASTER Product(name=Samsung, price=550, margin=3.0, description=delicious toasts)
KLIENT 2 KUPUJE PC Product(name=MSI, price=5950, margin=10.0, description=Processor 3Ghz, drive 1TB ssd, graphics 4GB)
KLIENT 1 KUPUJE PC Product(name=MSI, price=5950, margin=10.0, description=Processor 3Ghz, drive 1TB ssd, graphics 4GB)
KLIENT 1 KUPUJE PC Product(name=Dell, price=4950, margin=10.0, description=Processor Intel HD, drive ssd!, graphics 2GB)
KLIENT 1 KUPUJE PC Product(name=MSI, price=5950, margin=10.0, description=Processor 3Ghz, drive 1TB ssd, graphics 4GB)
KLIENT 2 KUPUJE PC Product(name=Dell, price=4950, margin=10.0, description=Processor Intel HD, drive ssd!, graphics 2GB)
KLIENT 2 KUPUJE PC Product(name=MSI, price=3950, margin=10.0, description=Processor 3Ghz, drive 1TB, graphics 1GB)
KLIENT 2 KUPUJE PC Product(name=Dell, price=4950, margin=10.0, description=Processor Intel HD, drive ssd!, graphics 3GB)
